<?xml version="1.0" encoding="UTF-8"?>
<testsuite xmlns:xsi="http://www.w3.org/2001/XMLSchema-instance" xsi:noNamespaceSchemaLocation="https://maven.apache.org/surefire/maven-surefire-plugin/xsd/surefire-test-report.xsd" name="com.udacity.jwdnd.course1.cloudstorage.CloudStorageApplicationTests" time="5.683" tests="4" errors="4" skipped="0" failures="0">
  <properties>
[...]
</properties>
  <testcase name="testLargeUpload" classname="com.udacity.jwdnd.course1.cloudstorage.CloudStorageApplicationTests" time="1.544">
    <error message="Could not start a new session. Response code 500. Message: session not created: This version of ChromeDriver only supports Chrome version 114&#10;Current browser version is 122.0.6261.57 with binary path C:\Program Files\Google\Chrome\Application\chrome.exe &#10;Host info: host: &apos;LPT-5520-KOSAMA&apos;, ip: &apos;192.168.1.15&apos;&#10;Build info: version: &apos;4.24.0&apos;, revision: &apos;748ffc9bc3&apos;&#10;System info: os.name: &apos;Windows 11&apos;, os.arch: &apos;x86&apos;, os.version: &apos;10.0&apos;, java.version: &apos;17.0.12&apos;&#10;Driver info: org.openqa.selenium.chrome.ChromeDriver&#10;Command: [null, newSession {capabilities=[Capabilities {browserName: chrome, goog:chromeOptions: {args: [], extensions: []}}]}]" type="org.openqa.selenium.SessionNotCreatedException">org.openqa.selenium.SessionNotCreatedException: 
Could not start a new session. Response code 500. Message: session not created: This version of ChromeDriver only supports Chrome version 114
Current browser version is 122.0.6261.57 with binary path C:\Program Files\Google\Chrome\Application\chrome.exe 
Host info: host: 'LPT-5520-KOSAMA', ip: '192.168.1.15'
Build info: version: '4.24.0', revision: '748ffc9bc3'
System info: os.name: 'Windows 11', os.arch: 'x86', os.version: '10.0', java.version: '17.0.12'
Driver info: org.openqa.selenium.chrome.ChromeDriver
Command: [null, newSession {capabilities=[Capabilities {browserName: chrome, goog:chromeOptions: {args: [], extensions: []}}]}]
	at com.udacity.jwdnd.course1.cloudstorage.CloudStorageApplicationTests.beforeEach(CloudStorageApplicationTests.java:33)
</error>
    <system-out><![CDATA[10:29:09.398 [main] DEBUG org.springframework.test.context.BootstrapUtils - Instantiating CacheAwareContextLoaderDelegate from class [org.springframework.test.context.cache.DefaultCacheAwareContextLoaderDelegate]
10:29:09.405 [main] DEBUG org.springframework.test.context.BootstrapUtils - Instantiating BootstrapContext using constructor [public org.springframework.test.context.support.DefaultBootstrapContext(java.lang.Class,org.springframework.test.context.CacheAwareContextLoaderDelegate)]
10:29:09.420 [main] DEBUG org.springframework.test.context.BootstrapUtils - Instantiating TestContextBootstrapper for test class [com.udacity.jwdnd.course1.cloudstorage.CloudStorageApplicationTests] from class [org.springframework.boot.test.context.SpringBootTestContextBootstrapper]
10:29:09.430 [main] INFO org.springframework.boot.test.context.SpringBootTestContextBootstrapper - Neither @ContextConfiguration nor @ContextHierarchy found for test class [com.udacity.jwdnd.course1.cloudstorage.CloudStorageApplicationTests], using SpringBootContextLoader
10:29:09.432 [main] DEBUG org.springframework.test.context.support.AbstractContextLoader - Did not detect default resource location for test class [com.udacity.jwdnd.course1.cloudstorage.CloudStorageApplicationTests]: class path resource [com/udacity/jwdnd/course1/cloudstorage/CloudStorageApplicationTests-context.xml] does not exist
10:29:09.432 [main] DEBUG org.springframework.test.context.support.AbstractContextLoader - Did not detect default resource location for test class [com.udacity.jwdnd.course1.cloudstorage.CloudStorageApplicationTests]: class path resource [com/udacity/jwdnd/course1/cloudstorage/CloudStorageApplicationTestsContext.groovy] does not exist
10:29:09.434 [main] INFO org.springframework.test.context.support.AbstractContextLoader - Could not detect default resource locations for test class [com.udacity.jwdnd.course1.cloudstorage.CloudStorageApplicationTests]: no resource found for suffixes {-context.xml, Context.groovy}.
10:29:09.434 [main] INFO org.springframework.test.context.support.AnnotationConfigContextLoaderUtils - Could not detect default configuration classes for test class [com.udacity.jwdnd.course1.cloudstorage.CloudStorageApplicationTests]: CloudStorageApplicationTests does not declare any static, non-private, non-final, nested classes annotated with @Configuration.
10:29:09.449 [main] DEBUG org.springframework.test.context.support.ActiveProfilesUtils - Could not find an 'annotation declaring class' for annotation type [org.springframework.test.context.ActiveProfiles] and class [com.udacity.jwdnd.course1.cloudstorage.CloudStorageApplicationTests]
10:29:09.481 [main] DEBUG org.springframework.context.annotation.ClassPathScanningCandidateComponentProvider - Identified candidate component class: file [D:\Java\SpringBoot\MyWork\Project_Spring\starter\cloudstorage\target\classes\com\udacity\jwdnd\course1\cloudstorage\CloudStorageApplication.class]
10:29:09.481 [main] INFO org.springframework.boot.test.context.SpringBootTestContextBootstrapper - Found @SpringBootConfiguration com.udacity.jwdnd.course1.cloudstorage.CloudStorageApplication for test class com.udacity.jwdnd.course1.cloudstorage.CloudStorageApplicationTests
10:29:09.527 [main] DEBUG org.springframework.boot.test.context.SpringBootTestContextBootstrapper - @TestExecutionListeners is not present for class [com.udacity.jwdnd.course1.cloudstorage.CloudStorageApplicationTests]: using defaults.
10:29:09.527 [main] INFO org.springframework.boot.test.context.SpringBootTestContextBootstrapper - Loaded default TestExecutionListener class names from location [META-INF/spring.factories]: [org.springframework.boot.test.mock.mockito.MockitoTestExecutionListener, org.springframework.boot.test.mock.mockito.ResetMocksTestExecutionListener, org.springframework.boot.test.autoconfigure.restdocs.RestDocsTestExecutionListener, org.springframework.boot.test.autoconfigure.web.client.MockRestServiceServerResetTestExecutionListener, org.springframework.boot.test.autoconfigure.web.servlet.MockMvcPrintOnlyOnFailureTestExecutionListener, org.springframework.boot.test.autoconfigure.web.servlet.WebDriverTestExecutionListener, org.springframework.test.context.web.ServletTestExecutionListener, org.springframework.test.context.support.DirtiesContextBeforeModesTestExecutionListener, org.springframework.test.context.support.DependencyInjectionTestExecutionListener, org.springframework.test.context.support.DirtiesContextTestExecutionListener, org.springframework.test.context.transaction.TransactionalTestExecutionListener, org.springframework.test.context.jdbc.SqlScriptsTestExecutionListener, org.springframework.test.context.event.EventPublishingTestExecutionListener, org.springframework.security.test.context.support.WithSecurityContextTestExecutionListener, org.springframework.security.test.context.support.ReactorContextTestExecutionListener]
10:29:09.538 [main] INFO org.springframework.boot.test.context.SpringBootTestContextBootstrapper - Using TestExecutionListeners: [org.springframework.test.context.web.ServletTestExecutionListener@1b6cf60, org.springframework.test.context.support.DirtiesContextBeforeModesTestExecutionListener@1ddb69a, org.springframework.boot.test.mock.mockito.MockitoTestExecutionListener@9c1daf, org.springframework.boot.test.autoconfigure.SpringBootDependencyInjectionTestExecutionListener@1fddc9a, org.springframework.test.context.support.DirtiesContextTestExecutionListener@b9df8a, org.springframework.test.context.transaction.TransactionalTestExecutionListener@8ac0e1, org.springframework.test.context.jdbc.SqlScriptsTestExecutionListener@afcffa, org.springframework.test.context.event.EventPublishingTestExecutionListener@155cb39, org.springframework.security.test.context.support.WithSecurityContextTestExecutionListener@15a0c16, org.springframework.security.test.context.support.ReactorContextTestExecutionListener@15f4d54, org.springframework.boot.test.mock.mockito.ResetMocksTestExecutionListener@17b97da, org.springframework.boot.test.autoconfigure.restdocs.RestDocsTestExecutionListener@b0930f, org.springframework.boot.test.autoconfigure.web.client.MockRestServiceServerResetTestExecutionListener@17906b3, org.springframework.boot.test.autoconfigure.web.servlet.MockMvcPrintOnlyOnFailureTestExecutionListener@1dd365, org.springframework.boot.test.autoconfigure.web.servlet.WebDriverTestExecutionListener@15b56bb]
10:29:09.540 [main] DEBUG org.springframework.test.context.support.AbstractDirtiesContextTestExecutionListener - Before test class: context [DefaultTestContext@171aaca testClass = CloudStorageApplicationTests, testInstance = [null], testMethod = [null], testException = [null], mergedContextConfiguration = [WebMergedContextConfiguration@1529706 testClass = CloudStorageApplicationTests, locations = '{}', classes = '{class com.udacity.jwdnd.course1.cloudstorage.CloudStorageApplication}', contextInitializerClasses = '[]', activeProfiles = '{}', propertySourceLocations = '{}', propertySourceProperties = '{org.springframework.boot.test.context.SpringBootTestContextBootstrapper=true, server.port=0}', contextCustomizers = set[org.springframework.boot.test.context.filter.ExcludeFilterContextCustomizer@1a1c212, org.springframework.boot.test.json.DuplicateJsonObjectContextCustomizerFactory$DuplicateJsonObjectContextCustomizer@1627d13, org.springframework.boot.test.mock.mockito.MockitoContextCustomizer@0, org.springframework.boot.test.web.client.TestRestTemplateContextCustomizer@a50707, org.springframework.boot.test.autoconfigure.properties.PropertyMappingContextCustomizer@0, org.springframework.boot.test.autoconfigure.web.servlet.WebDriverContextCustomizerFactory$Customizer@37d3ed], resourceBasePath = 'src/main/webapp', contextLoader = 'org.springframework.boot.test.context.SpringBootContextLoader', parent = [null]], attributes = map['org.springframework.test.context.web.ServletTestExecutionListener.activateListener' -> false]], class annotated with @DirtiesContext [false] with mode [null].
10:29:09.708 [main] DEBUG io.github.bonigarcia.wdm.Preferences - Preference chrome=122 (valid until 2024-09-11 00:27:03)
10:29:09.709 [main] DEBUG io.github.bonigarcia.wdm.Preferences - Preference chrome122=114.0.5735.90 (valid until 2024-09-11 00:23:16)
10:29:09.709 [main] INFO io.github.bonigarcia.wdm.WebDriverManager - Using chromedriver 114.0.5735.90 (since Google Chrome 122 is installed in your machine)
10:29:09.717 [main] DEBUG io.github.bonigarcia.wdm.WebDriverManager - Driver chromedriver 114.0.5735.90 found in cache
10:29:09.717 [main] INFO io.github.bonigarcia.wdm.WebDriverManager - Exporting webdriver.chrome.driver as C:\Users\karim.osama\.m2\repository\webdriver\chromedriver\win32\114.0.5735.90\chromedriver.exe
10:29:09.723 [main] DEBUG org.springframework.test.context.support.DependencyInjectionTestExecutionListener - Performing dependency injection for test context [[DefaultTestContext@171aaca testClass = CloudStorageApplicationTests, testInstance = com.udacity.jwdnd.course1.cloudstorage.CloudStorageApplicationTests@13b3b7a, testMethod = [null], testException = [null], mergedContextConfiguration = [WebMergedContextConfiguration@1529706 testClass = CloudStorageApplicationTests, locations = '{}', classes = '{class com.udacity.jwdnd.course1.cloudstorage.CloudStorageApplication}', contextInitializerClasses = '[]', activeProfiles = '{}', propertySourceLocations = '{}', propertySourceProperties = '{org.springframework.boot.test.context.SpringBootTestContextBootstrapper=true, server.port=0}', contextCustomizers = set[org.springframework.boot.test.context.filter.ExcludeFilterContextCustomizer@1a1c212, org.springframework.boot.test.json.DuplicateJsonObjectContextCustomizerFactory$DuplicateJsonObjectContextCustomizer@1627d13, org.springframework.boot.test.mock.mockito.MockitoContextCustomizer@0, org.springframework.boot.test.web.client.TestRestTemplateContextCustomizer@a50707, org.springframework.boot.test.autoconfigure.properties.PropertyMappingContextCustomizer@0, org.springframework.boot.test.autoconfigure.web.servlet.WebDriverContextCustomizerFactory$Customizer@37d3ed], resourceBasePath = 'src/main/webapp', contextLoader = 'org.springframework.boot.test.context.SpringBootContextLoader', parent = [null]], attributes = map['org.springframework.test.context.web.ServletTestExecutionListener.activateListener' -> false]]].
10:29:09.734 [main] DEBUG org.springframework.test.context.support.TestPropertySourceUtils - Adding inlined properties to environment: {spring.jmx.enabled=false, org.springframework.boot.test.context.SpringBootTestContextBootstrapper=true, server.port=0}

  .   ____          _            __ _ _
 /\\ / ___'_ __ _ _(_)_ __  __ _ \ \ \ \
( ( )\___ | '_ | '_| | '_ \/ _` | \ \ \ \
 \\/  ___)| |_)| | | | | || (_| |  ) ) ) )
  '  |____| .__|_| |_|_| |_\__, | / / / /
 =========|_|==============|___/=/_/_/_/
 :: Spring Boot ::        (v2.2.4.RELEASE)

2024-09-10 10:29:09.887  INFO 22892 --- [           main] c.u.j.c.c.CloudStorageApplicationTests   : Starting CloudStorageApplicationTests on LPT-5520-KOSAMA with PID 22892 (started by karim.osama in D:\Java\SpringBoot\MyWork\Project_Spring\starter\cloudstorage)
2024-09-10 10:29:09.888  INFO 22892 --- [           main] c.u.j.c.c.CloudStorageApplicationTests   : No active profile set, falling back to default profiles: default
2024-09-10 10:29:10.589  INFO 22892 --- [           main] o.s.b.w.embedded.tomcat.TomcatWebServer  : Tomcat initialized with port(s): 0 (http)
2024-09-10 10:29:10.595  INFO 22892 --- [           main] o.apache.catalina.core.StandardService   : Starting service [Tomcat]
2024-09-10 10:29:10.595  INFO 22892 --- [           main] org.apache.catalina.core.StandardEngine  : Starting Servlet engine: [Apache Tomcat/9.0.30]
2024-09-10 10:29:10.683  INFO 22892 --- [           main] o.a.c.c.C.[Tomcat].[localhost].[/]       : Initializing Spring embedded WebApplicationContext
2024-09-10 10:29:10.683  INFO 22892 --- [           main] o.s.web.context.ContextLoader            : Root WebApplicationContext: initialization completed in 784 ms
2024-09-10 10:29:10.794  INFO 22892 --- [           main] com.zaxxer.hikari.HikariDataSource       : HikariPool-1 - Starting...
2024-09-10 10:29:10.895  INFO 22892 --- [           main] com.zaxxer.hikari.HikariDataSource       : HikariPool-1 - Start completed.
2024-09-10 10:29:11.122  INFO 22892 --- [           main] o.s.s.web.DefaultSecurityFilterChain     : Creating filter chain: any request, [org.springframework.security.web.context.request.async.WebAsyncManagerIntegrationFilter@657b3b, org.springframework.security.web.context.SecurityContextPersistenceFilter@b44879, org.springframework.security.web.header.HeaderWriterFilter@12def55, org.springframework.security.web.authentication.logout.LogoutFilter@1c0c13a, org.springframework.security.web.authentication.UsernamePasswordAuthenticationFilter@1a48cab, org.springframework.security.web.savedrequest.RequestCacheAwareFilter@1eb6be2, org.springframework.security.web.servletapi.SecurityContextHolderAwareRequestFilter@18b7ea9, org.springframework.security.web.authentication.AnonymousAuthenticationFilter@ea921a, org.springframework.security.web.session.SessionManagementFilter@13d76b4, org.springframework.security.web.access.ExceptionTranslationFilter@35e24a, org.springframework.security.web.access.intercept.FilterSecurityInterceptor@18a85d3]
2024-09-10 10:29:11.215  INFO 22892 --- [           main] o.s.s.concurrent.ThreadPoolTaskExecutor  : Initializing ExecutorService 'applicationTaskExecutor'
2024-09-10 10:29:11.431  INFO 22892 --- [           main] o.s.b.w.embedded.tomcat.TomcatWebServer  : Tomcat started on port(s): 54216 (http) with context path ''
2024-09-10 10:29:11.433  INFO 22892 --- [           main] c.u.j.c.c.CloudStorageApplicationTests   : Started CloudStorageApplicationTests in 1.697 seconds (JVM running for 2.449)
]]></system-out>
  </testcase>
  <testcase name="getLoginPage" classname="com.udacity.jwdnd.course1.cloudstorage.CloudStorageApplicationTests" time="0.678">
    <error message="Could not start a new session. Response code 500. Message: session not created: This version of ChromeDriver only supports Chrome version 114&#10;Current browser version is 122.0.6261.57 with binary path C:\Program Files\Google\Chrome\Application\chrome.exe &#10;Host info: host: &apos;LPT-5520-KOSAMA&apos;, ip: &apos;192.168.1.15&apos;&#10;Build info: version: &apos;4.24.0&apos;, revision: &apos;748ffc9bc3&apos;&#10;System info: os.name: &apos;Windows 11&apos;, os.arch: &apos;x86&apos;, os.version: &apos;10.0&apos;, java.version: &apos;17.0.12&apos;&#10;Driver info: org.openqa.selenium.chrome.ChromeDriver&#10;Command: [null, newSession {capabilities=[Capabilities {browserName: chrome, goog:chromeOptions: {args: [], extensions: []}}]}]" type="org.openqa.selenium.SessionNotCreatedException">org.openqa.selenium.SessionNotCreatedException: 
Could not start a new session. Response code 500. Message: session not created: This version of ChromeDriver only supports Chrome version 114
Current browser version is 122.0.6261.57 with binary path C:\Program Files\Google\Chrome\Application\chrome.exe 
Host info: host: 'LPT-5520-KOSAMA', ip: '192.168.1.15'
Build info: version: '4.24.0', revision: '748ffc9bc3'
System info: os.name: 'Windows 11', os.arch: 'x86', os.version: '10.0', java.version: '17.0.12'
Driver info: org.openqa.selenium.chrome.ChromeDriver
Command: [null, newSession {capabilities=[Capabilities {browserName: chrome, goog:chromeOptions: {args: [], extensions: []}}]}]
	at com.udacity.jwdnd.course1.cloudstorage.CloudStorageApplicationTests.beforeEach(CloudStorageApplicationTests.java:33)
</error>
  </testcase>
  <testcase name="testBadUrl" classname="com.udacity.jwdnd.course1.cloudstorage.CloudStorageApplicationTests" time="0.676">
    <error message="Could not start a new session. Response code 500. Message: session not created: This version of ChromeDriver only supports Chrome version 114&#10;Current browser version is 122.0.6261.57 with binary path C:\Program Files\Google\Chrome\Application\chrome.exe &#10;Host info: host: &apos;LPT-5520-KOSAMA&apos;, ip: &apos;192.168.1.15&apos;&#10;Build info: version: &apos;4.24.0&apos;, revision: &apos;748ffc9bc3&apos;&#10;System info: os.name: &apos;Windows 11&apos;, os.arch: &apos;x86&apos;, os.version: &apos;10.0&apos;, java.version: &apos;17.0.12&apos;&#10;Driver info: org.openqa.selenium.chrome.ChromeDriver&#10;Command: [null, newSession {capabilities=[Capabilities {browserName: chrome, goog:chromeOptions: {args: [], extensions: []}}]}]" type="org.openqa.selenium.SessionNotCreatedException">org.openqa.selenium.SessionNotCreatedException: 
Could not start a new session. Response code 500. Message: session not created: This version of ChromeDriver only supports Chrome version 114
Current browser version is 122.0.6261.57 with binary path C:\Program Files\Google\Chrome\Application\chrome.exe 
Host info: host: 'LPT-5520-KOSAMA', ip: '192.168.1.15'
Build info: version: '4.24.0', revision: '748ffc9bc3'
System info: os.name: 'Windows 11', os.arch: 'x86', os.version: '10.0', java.version: '17.0.12'
Driver info: org.openqa.selenium.chrome.ChromeDriver
Command: [null, newSession {capabilities=[Capabilities {browserName: chrome, goog:chromeOptions: {args: [], extensions: []}}]}]
	at com.udacity.jwdnd.course1.cloudstorage.CloudStorageApplicationTests.beforeEach(CloudStorageApplicationTests.java:33)
</error>
  </testcase>
  <testcase name="testRedirection" classname="com.udacity.jwdnd.course1.cloudstorage.CloudStorageApplicationTests" time="0.715">
    <error message="Could not start a new session. Response code 500. Message: session not created: This version of ChromeDriver only supports Chrome version 114&#10;Current browser version is 122.0.6261.57 with binary path C:\Program Files\Google\Chrome\Application\chrome.exe &#10;Host info: host: &apos;LPT-5520-KOSAMA&apos;, ip: &apos;192.168.1.15&apos;&#10;Build info: version: &apos;4.24.0&apos;, revision: &apos;748ffc9bc3&apos;&#10;System info: os.name: &apos;Windows 11&apos;, os.arch: &apos;x86&apos;, os.version: &apos;10.0&apos;, java.version: &apos;17.0.12&apos;&#10;Driver info: org.openqa.selenium.chrome.ChromeDriver&#10;Command: [null, newSession {capabilities=[Capabilities {browserName: chrome, goog:chromeOptions: {args: [], extensions: []}}]}]" type="org.openqa.selenium.SessionNotCreatedException">org.openqa.selenium.SessionNotCreatedException: 
Could not start a new session. Response code 500. Message: session not created: This version of ChromeDriver only supports Chrome version 114
Current browser version is 122.0.6261.57 with binary path C:\Program Files\Google\Chrome\Application\chrome.exe 
Host info: host: 'LPT-5520-KOSAMA', ip: '192.168.1.15'
Build info: version: '4.24.0', revision: '748ffc9bc3'
System info: os.name: 'Windows 11', os.arch: 'x86', os.version: '10.0', java.version: '17.0.12'
Driver info: org.openqa.selenium.chrome.ChromeDriver
Command: [null, newSession {capabilities=[Capabilities {browserName: chrome, goog:chromeOptions: {args: [], extensions: []}}]}]
	at com.udacity.jwdnd.course1.cloudstorage.CloudStorageApplicationTests.beforeEach(CloudStorageApplicationTests.java:33)
</error>
  </testcase>
</testsuite>